[debug] [2018-08-03T19:01:45.006Z] ----------------------------------------------------------------------
[debug] [2018-08-03T19:01:45.007Z] Command:       /usr/local/bin/node /usr/local/bin/firebase deploy --only functions
[debug] [2018-08-03T19:01:45.007Z] CLI Version:   4.0.2
[debug] [2018-08-03T19:01:45.007Z] Platform:      darwin
[debug] [2018-08-03T19:01:45.007Z] Node Version:  v8.11.3
[debug] [2018-08-03T19:01:45.008Z] Time:          Fri Aug 03 2018 12:01:45 GMT-0700 (PDT)
[debug] [2018-08-03T19:01:45.008Z] ----------------------------------------------------------------------
[debug] 
[debug] [2018-08-03T19:01:45.018Z] > command requires scopes: ["email","openid","https://www.googleapis.com/auth/cloudplatformprojects.readonly","https://www.googleapis.com/auth/firebase","https://www.googleapis.com/auth/cloud-platform"]
[debug] [2018-08-03T19:01:45.018Z] > authorizing via signed-in user
[debug] [2018-08-03T19:01:45.019Z] >>> HTTP REQUEST GET https://admin.firebase.com/v1/projects/unipath-3b98f  
  
 Fri Aug 03 2018 12:01:45 GMT-0700 (PDT)
[debug] [2018-08-03T19:01:45.605Z] <<< HTTP RESPONSE 200
[debug] [2018-08-03T19:01:45.606Z] >>> HTTP REQUEST GET https://admin.firebase.com/v1/database/unipath-3b98f/tokens  
  
 Fri Aug 03 2018 12:01:45 GMT-0700 (PDT)
[debug] [2018-08-03T19:01:46.008Z] <<< HTTP RESPONSE 200
[info] 
[info] === Deploying to 'unipath-3b98f'...
[info] 
[info] i  deploying functions
[info] Running command: npm --prefix "$RESOURCE_DIR" run lint
[info] ✔  functions: Finished running predeploy script.
[debug] [2018-08-03T19:01:49.402Z] > [functions] package.json contents: {
  "name": "functions",
  "description": "Cloud Functions for Firebase",
  "scripts": {
    "lint": "eslint .",
    "serve": "firebase serve --only functions",
    "shell": "firebase functions:shell",
    "start": "npm run shell",
    "deploy": "firebase deploy --only functions",
    "logs": "firebase functions:log"
  },
  "dependencies": {
    "firebase-admin": "5.13.1",
    "firebase-functions": "^2.0.2"
  },
  "devDependencies": {
    "eslint": "^4.12.0",
    "eslint-plugin-promise": "^3.6.0"
  },
  "private": true
}
[info] i  functions: ensuring necessary APIs are enabled...
[debug] [2018-08-03T19:01:49.403Z] >>> HTTP REQUEST GET https://servicemanagement.googleapis.com/v1/services/cloudfunctions.googleapis.com/projectSettings/unipath-3b98f?view=CONSUMER_VIEW  
  
 Fri Aug 03 2018 12:01:49 GMT-0700 (PDT)
[debug] [2018-08-03T19:01:49.403Z] >>> HTTP REQUEST GET https://servicemanagement.googleapis.com/v1/services/runtimeconfig.googleapis.com/projectSettings/unipath-3b98f?view=CONSUMER_VIEW  
  
 Fri Aug 03 2018 12:01:49 GMT-0700 (PDT)
[debug] [2018-08-03T19:01:50.328Z] <<< HTTP RESPONSE 200
[debug] [2018-08-03T19:01:50.355Z] <<< HTTP RESPONSE 200
[info] ✔  functions: all necessary APIs are enabled
[debug] [2018-08-03T19:01:50.357Z] >>> HTTP REQUEST GET https://cloudresourcemanager.googleapis.com/v1/projects/unipath-3b98f  
  
 Fri Aug 03 2018 12:01:50 GMT-0700 (PDT)
[debug] [2018-08-03T19:01:50.634Z] <<< HTTP RESPONSE 200
[debug] [2018-08-03T19:01:50.635Z] >>> HTTP REQUEST GET https://mobilesdk-pa.googleapis.com/v1/projects/465720702175:getServerAppConfig  
  
 Fri Aug 03 2018 12:01:50 GMT-0700 (PDT)
[debug] [2018-08-03T19:01:51.246Z] <<< HTTP RESPONSE 200
[info] i  functions: preparing functions directory for uploading...
[debug] [2018-08-03T19:01:51.250Z] >>> HTTP REQUEST GET https://runtimeconfig.googleapis.com/v1beta1/projects/unipath-3b98f/configs  
  
 Fri Aug 03 2018 12:01:51 GMT-0700 (PDT)
[debug] [2018-08-03T19:01:51.451Z] <<< HTTP RESPONSE 200
[info] i  functions: packaged functions (51.29 KB) for uploading
[debug] [2018-08-03T19:01:51.610Z] >>> HTTP REQUEST POST https://cloudfunctions.googleapis.com/v1/projects/unipath-3b98f/locations/us-central1/functions:generateUploadUrl  
  
 Fri Aug 03 2018 12:01:51 GMT-0700 (PDT)
[debug] [2018-08-03T19:01:51.901Z] <<< HTTP RESPONSE 200
[debug] [2018-08-03T19:01:51.902Z] >>> HTTP REQUEST PUT https://storage.googleapis.com/gcf-upload-us-central1-c2396c31-7c9e-4adf-acd7-85dfb609319b/d6c9a060-f0ad-47cb-b470-3c8040c45661.zip?GoogleAccessId=service-465720702175@gcf-admin-robot.iam.gserviceaccount.com&Expires=1533324711&Signature=izAV9w5Nab1F8O6iid1Mg5HRsKpmaPu4SO27hqKHHvHTC5Anh33Rdj9pxX2WpNpvr2TkjQNClN26hX165LOsUPTY1NN72P1wnb9QZhkn0%2Bb%2BTQiVvyRZ1X1A%2F47ut4cLrX8iQQFwGB1qfB1OMQoLICCFOwVgdR8%2B9dt%2Bu%2BMr%2B1KymDOGpHu8WUe63HI7GMUjzukzlVS5H9QCz4iydXdNI4JkOOAM1W21PqYBXFCb6zCCJyCCmt79FA1WsGNVEE3CDT95E9KEl7Lgh5mKIyMMmGCv7j8DlBG33lugFE5IL4t%2B7xOkOiDFX4OaIR6COUSw5RFQYkk%2FX9wjxma9F2n2qg%3D%3D  
 ReadStream {
  _readableState: 
   ReadableState {
     objectMode: false,
     highWaterMark: 65536,
     buffer: BufferList { head: [Object], tail: [Object], length: 1 },
     length: 52518,
     pipes: null,
     pipesCount: 0,
     flowing: null,
     ended: true,
     endEmitted: false,
     reading: false,
     sync: false,
     needReadable: false,
     emittedReadable: true,
     readableListening: false,
     resumeScheduled: false,
     destroyed: false,
     defaultEncoding: 'utf8',
     awaitDrain: 0,
     readingMore: false,
     decoder: null,
     encoding: null },
  readable: true,
  domain: null,
  _events: { end: [Function] },
  _eventsCount: 1,
  _maxListeners: undefined,
  path: '/var/folders/_8/5p_sgcps23lb5z0z5zxx8ndd90psb5/T/firebase-functions-365007t06t6D0Aq2B.zip',
  fd: 19,
  flags: 'r',
  mode: 438,
  start: undefined,
  end: Infinity,
  autoClose: true,
  pos: undefined,
  bytesRead: 52518 } 
 Fri Aug 03 2018 12:01:51 GMT-0700 (PDT)
[debug] [2018-08-03T19:01:53.501Z] <<< HTTP RESPONSE 200
[info] ✔  functions: functions folder uploaded successfully
[debug] [2018-08-03T19:01:53.505Z] >>> HTTP REQUEST GET https://cloudfunctions.googleapis.com/v1/projects/unipath-3b98f/locations/-/functions  
  
 Fri Aug 03 2018 12:01:53 GMT-0700 (PDT)
[debug] [2018-08-03T19:01:54.274Z] <<< HTTP RESPONSE 200
[info] i  functions: updating Node.js 6 function sendNotification(us-central1)...
[debug] [2018-08-03T19:01:54.280Z] Trigger is:  {"eventTrigger":{"resource":"projects/_/instances/unipath-3b98f/refs/users/{userId}","eventType":"providers/google.firebase.database/eventTypes/ref.write","service":"firebaseio.com"}}
[debug] [2018-08-03T19:01:54.282Z] >>> HTTP REQUEST PATCH https://cloudfunctions.googleapis.com/v1/projects/unipath-3b98f/locations/us-central1/functions/sendNotification 
query params: {"updateMask":"sourceUploadUrl,name,labels,eventTrigger.resource,eventTrigger.eventType,eventTrigger.service"} 
 { sourceUploadUrl: 'https://storage.googleapis.com/gcf-upload-us-central1-c2396c31-7c9e-4adf-acd7-85dfb609319b/d6c9a060-f0ad-47cb-b470-3c8040c45661.zip?GoogleAccessId=service-465720702175@gcf-admin-robot.iam.gserviceaccount.com&Expires=1533324711&Signature=izAV9w5Nab1F8O6iid1Mg5HRsKpmaPu4SO27hqKHHvHTC5Anh33Rdj9pxX2WpNpvr2TkjQNClN26hX165LOsUPTY1NN72P1wnb9QZhkn0%2Bb%2BTQiVvyRZ1X1A%2F47ut4cLrX8iQQFwGB1qfB1OMQoLICCFOwVgdR8%2B9dt%2Bu%2BMr%2B1KymDOGpHu8WUe63HI7GMUjzukzlVS5H9QCz4iydXdNI4JkOOAM1W21PqYBXFCb6zCCJyCCmt79FA1WsGNVEE3CDT95E9KEl7Lgh5mKIyMMmGCv7j8DlBG33lugFE5IL4t%2B7xOkOiDFX4OaIR6COUSw5RFQYkk%2FX9wjxma9F2n2qg%3D%3D',
  name: 'projects/unipath-3b98f/locations/us-central1/functions/sendNotification',
  labels: { 'deployment-tool': 'cli-firebase' },
  eventTrigger: 
   { resource: 'projects/_/instances/unipath-3b98f/refs/users/{userId}',
     eventType: 'providers/google.firebase.database/eventTypes/ref.write',
     service: 'firebaseio.com' } } 
 Fri Aug 03 2018 12:01:54 GMT-0700 (PDT)
[debug] [2018-08-03T19:01:54.648Z] <<< HTTP RESPONSE 200
[debug] [2018-08-03T19:01:54.649Z] >>> HTTP REQUEST GET https://cloudfunctions.googleapis.com/v1/operations/dW5pcGF0aC0zYjk4Zi91cy1jZW50cmFsMS9zZW5kTm90aWZpY2F0aW9uL3pBTFlNVllKTDFN  
  
 Fri Aug 03 2018 12:01:54 GMT-0700 (PDT)
[debug] [2018-08-03T19:01:55.019Z] <<< HTTP RESPONSE 200
[debug] [2018-08-03T19:01:57.023Z] >>> HTTP REQUEST GET https://cloudfunctions.googleapis.com/v1/operations/dW5pcGF0aC0zYjk4Zi91cy1jZW50cmFsMS9zZW5kTm90aWZpY2F0aW9uL3pBTFlNVllKTDFN  
  
 Fri Aug 03 2018 12:01:57 GMT-0700 (PDT)
[debug] [2018-08-03T19:01:57.492Z] <<< HTTP RESPONSE 200
[debug] [2018-08-03T19:01:59.498Z] >>> HTTP REQUEST GET https://cloudfunctions.googleapis.com/v1/operations/dW5pcGF0aC0zYjk4Zi91cy1jZW50cmFsMS9zZW5kTm90aWZpY2F0aW9uL3pBTFlNVllKTDFN  
  
 Fri Aug 03 2018 12:01:59 GMT-0700 (PDT)
[debug] [2018-08-03T19:01:59.915Z] <<< HTTP RESPONSE 200
[debug] [2018-08-03T19:02:01.919Z] >>> HTTP REQUEST GET https://cloudfunctions.googleapis.com/v1/operations/dW5pcGF0aC0zYjk4Zi91cy1jZW50cmFsMS9zZW5kTm90aWZpY2F0aW9uL3pBTFlNVllKTDFN  
  
 Fri Aug 03 2018 12:02:01 GMT-0700 (PDT)
[debug] [2018-08-03T19:02:02.332Z] <<< HTTP RESPONSE 200
